<?xml version="1.0" encoding="UTF-8"?>
<!-- Generated by org.testng.reporters.JUnitXMLReporter -->
<testsuite ignored="0" hostname="DESKTOP-MNK2190" failures="0" tests="7" name="Default test" time="227.944" errors="0" timestamp="2021-08-10T15:29:44 IST">
  <testcase classname="com.crm.qa.testcases.AdminPageTest" name="verifyUserManagementLebelTest" time="0.117"/>
  <testcase classname="com.crm.qa.testcases.AdminPageTest" name="validateUsernameAndUserRoleTest" time="0.36"/>
  <testcase classname="com.crm.qa.testcases.AdminPageTest" name="validateLocationSearchTest" time="3.645"/>
  <testcase classname="com.crm.qa.testcases.AdminPageTest" name="validateLocationSearchTest" time="3.148"/>
  <testcase classname="com.crm.qa.testcases.AdminPageTest" name="validateLocationSearchTest" time="2.738"/>
  <testcase classname="com.crm.qa.testcases.AdminPageTest" name="validateLocationSearchTest" time="4.568"/>
  <testcase classname="com.crm.qa.testcases.AdminPageTest" name="validateLocationSearchTest" time="2.983"/>
</testsuite> <!-- Default test -->
