<?xml version="1.0" encoding="UTF-8"?>
<!-- Generated by org.testng.reporters.JUnitXMLReporter -->
<testsuite ignored="0" hostname="DESKTOP-MNK2190" failures="0" tests="15" name="Page_tests" time="473.103" errors="0" timestamp="2021-08-10T15:38:47 IST">
  <testcase classname="com.crm.qa.testcases.LeavePageTest" name="leaveDataInputTest" time="2.49"/>
  <testcase classname="com.crm.qa.testcases.DashboardPageTest" name="verifyMyTimesheetLebelTest" time="0.262"/>
  <testcase classname="com.crm.qa.testcases.DashboardPageTest" name="validatePendingLeaveRequestsLebelTest" time="0.096"/>
  <testcase classname="com.crm.qa.testcases.HomePageTest" name="verifyHomePageTitleTest" time="0.009"/>
  <testcase classname="com.crm.qa.testcases.HomePageTest" name="verifyUsernameTest" time="0.091"/>
  <testcase classname="com.crm.qa.testcases.HomePageTest" name="verifyAdminLinkTest" time="3.914"/>
  <testcase classname="com.crm.qa.testcases.LoginPageTest" name="loginPageTitleTest" time="0.025"/>
  <testcase classname="com.crm.qa.testcases.LoginPageTest" name="loginTest" time="7.964"/>
  <testcase classname="com.crm.qa.testcases.AdminPageTest" name="verifyUserManagementLebelTest" time="0.065"/>
  <testcase classname="com.crm.qa.testcases.AdminPageTest" name="validateUsernameAndUserRoleTest" time="0.298"/>
  <testcase classname="com.crm.qa.testcases.AdminPageTest" name="validateLocationSearchTest" time="3.73"/>
  <testcase classname="com.crm.qa.testcases.AdminPageTest" name="validateLocationSearchTest" time="3.043"/>
  <testcase classname="com.crm.qa.testcases.AdminPageTest" name="validateLocationSearchTest" time="3.229"/>
  <testcase classname="com.crm.qa.testcases.AdminPageTest" name="validateLocationSearchTest" time="8.522"/>
  <testcase classname="com.crm.qa.testcases.AdminPageTest" name="validateLocationSearchTest" time="3.118"/>
</testsuite> <!-- Page_tests -->
