<?xml version="1.0" encoding="UTF-8"?>
<testng-results ignored="0" total="15" passed="14" failed="1" skipped="0">
  <reporter-output>
  </reporter-output>
  <suite started-at="2021-08-12T13:52:25 IST" name="OrangeHRM_Test" finished-at="2021-08-12T13:56:31 IST" duration-ms="245873">
    <groups>
    </groups>
    <test started-at="2021-08-12T13:52:25 IST" name="Page_tests" finished-at="2021-08-12T13:56:31 IST" duration-ms="245873">
      <class name="com.crm.qa.testcases.LeavePageTest">
        <test-method is-config="true" signature="setUp()[pri:0, instance:com.crm.qa.testcases.LeavePageTest@4944252c]" started-at="2021-08-12T13:52:25 IST" name="setUp" finished-at="2021-08-12T13:52:43 IST" duration-ms="18004" status="PASS">
          <reporter-output>
          </reporter-output>
        </test-method> <!-- setUp -->
        <test-method signature="leaveDataInputTest()[pri:0, instance:com.crm.qa.testcases.LeavePageTest@4944252c]" started-at="2021-08-12T13:52:43 IST" name="leaveDataInputTest" finished-at="2021-08-12T13:52:48 IST" duration-ms="5179" status="FAIL">
          <exception class="org.openqa.selenium.ElementClickInterceptedException">
            <message>
              <![CDATA[element click intercepted: Element <label for="leaveList_chkSearchFilter_checkboxgroup_allcheck">...</label> is not clickable at point (193, 332). Other element would receive the click: <span class="ui-icon ui-icon-circle-triangle-w">...</span>
  (Session info: chrome=91.0.4472.77)
  (Driver info: chromedriver=91.0.4472.101 (af52a90bf87030dd1523486a1cd3ae25c5d76c9b-refs/branch-heads/4472@{#1462}),platform=Windows NT 6.1.7601 SP1 x86_64) (WARNING: The server did not provide any stacktrace information)
Command duration or timeout: 0 milliseconds
Build info: version: '3.141.59', revision: 'e82be7d358', time: '2018-11-14T08:17:03'
System info: host: 'DESKTOP-MNK2190', ip: '192.168.43.38', os.name: 'Windows 10', os.arch: 'amd64', os.version: '10.0', java.version: '16.0.1'
Driver info: org.openqa.selenium.remote.RemoteWebDriver
Capabilities {acceptInsecureCerts: false, acceptSslCerts: false, applicationCacheEnabled: false, browserConnectionEnabled: false, browserName: chrome, chrome: {chromedriverVersion: 91.0.4472.101 (af52a90bf870..., userDataDir: C:\Users\ADMINI~1\AppData\L...}, cssSelectorsEnabled: true, databaseEnabled: false, goog:chromeOptions: {debuggerAddress: localhost:49216}, handlesAlerts: true, hasMetadata: true, hasTouchScreen: false, javascriptEnabled: true, locationContextEnabled: true, mobileEmulationEnabled: false, nativeEvents: true, networkConnectionEnabled: false, pageLoadStrategy: normal, platform: WINDOWS, platformName: WINDOWS, proxy: Proxy(), rotatable: false, setWindowRect: true, strictFileInteractability: false, takesHeapSnapshot: true, takesScreenshot: true, timeouts: {implicit: 0, pageLoad: 300000, script: 30000}, unexpectedAlertBehaviour: ignore, unhandledPromptBehavior: ignore, version: 91.0.4472.77, webStorageEnabled: true, webauthn:extension:largeBlob: true, webauthn:virtualAuthenticators: true, webdriver.remote.sessionid: a933797dda3345fea94498d4a31...}
Session ID: a933797dda3345fea94498d4a316790c]]>
            </message>
            <full-stacktrace>
              <![CDATA[org.openqa.selenium.ElementClickInterceptedException: element click intercepted: Element <label for="leaveList_chkSearchFilter_checkboxgroup_allcheck">...</label> is not clickable at point (193, 332). Other element would receive the click: <span class="ui-icon ui-icon-circle-triangle-w">...</span>
  (Session info: chrome=91.0.4472.77)
  (Driver info: chromedriver=91.0.4472.101 (af52a90bf87030dd1523486a1cd3ae25c5d76c9b-refs/branch-heads/4472@{#1462}),platform=Windows NT 6.1.7601 SP1 x86_64) (WARNING: The server did not provide any stacktrace information)
Command duration or timeout: 0 milliseconds
Build info: version: '3.141.59', revision: 'e82be7d358', time: '2018-11-14T08:17:03'
System info: host: 'DESKTOP-MNK2190', ip: '192.168.43.38', os.name: 'Windows 10', os.arch: 'amd64', os.version: '10.0', java.version: '16.0.1'
Driver info: org.openqa.selenium.remote.RemoteWebDriver
Capabilities {acceptInsecureCerts: false, acceptSslCerts: false, applicationCacheEnabled: false, browserConnectionEnabled: false, browserName: chrome, chrome: {chromedriverVersion: 91.0.4472.101 (af52a90bf870..., userDataDir: C:\Users\ADMINI~1\AppData\L...}, cssSelectorsEnabled: true, databaseEnabled: false, goog:chromeOptions: {debuggerAddress: localhost:49216}, handlesAlerts: true, hasMetadata: true, hasTouchScreen: false, javascriptEnabled: true, locationContextEnabled: true, mobileEmulationEnabled: false, nativeEvents: true, networkConnectionEnabled: false, pageLoadStrategy: normal, platform: WINDOWS, platformName: WINDOWS, proxy: Proxy(), rotatable: false, setWindowRect: true, strictFileInteractability: false, takesHeapSnapshot: true, takesScreenshot: true, timeouts: {implicit: 0, pageLoad: 300000, script: 30000}, unexpectedAlertBehaviour: ignore, unhandledPromptBehavior: ignore, version: 91.0.4472.77, webStorageEnabled: true, webauthn:extension:largeBlob: true, webauthn:virtualAuthenticators: true, webdriver.remote.sessionid: a933797dda3345fea94498d4a31...}
Session ID: a933797dda3345fea94498d4a316790c
at java.base/jdk.internal.reflect.NativeConstructorAccessorImpl.newInstance0(Native Method)
at java.base/jdk.internal.reflect.NativeConstructorAccessorImpl.newInstance(NativeConstructorAccessorImpl.java:78)
at java.base/jdk.internal.reflect.DelegatingConstructorAccessorImpl.newInstance(DelegatingConstructorAccessorImpl.java:45)
at java.base/java.lang.reflect.Constructor.newInstanceWithCaller(Constructor.java:499)
at java.base/java.lang.reflect.Constructor.newInstance(Constructor.java:480)
at org.openqa.selenium.remote.ErrorHandler.createThrowable(ErrorHandler.java:214)
at org.openqa.selenium.remote.ErrorHandler.throwIfResponseFailed(ErrorHandler.java:166)
at org.openqa.selenium.remote.http.JsonHttpResponseCodec.reconstructValue(JsonHttpResponseCodec.java:40)
at org.openqa.selenium.remote.http.AbstractHttpResponseCodec.decode(AbstractHttpResponseCodec.java:80)
at org.openqa.selenium.remote.http.AbstractHttpResponseCodec.decode(AbstractHttpResponseCodec.java:44)
at org.openqa.selenium.remote.HttpCommandExecutor.execute(HttpCommandExecutor.java:158)
at org.openqa.selenium.remote.RemoteWebDriver.execute(RemoteWebDriver.java:552)
at org.openqa.selenium.remote.RemoteWebElement.execute(RemoteWebElement.java:285)
at org.openqa.selenium.remote.RemoteWebElement.click(RemoteWebElement.java:84)
at java.base/jdk.internal.reflect.NativeMethodAccessorImpl.invoke0(Native Method)
at java.base/jdk.internal.reflect.NativeMethodAccessorImpl.invoke(NativeMethodAccessorImpl.java:78)
at java.base/jdk.internal.reflect.DelegatingMethodAccessorImpl.invoke(DelegatingMethodAccessorImpl.java:43)
at java.base/java.lang.reflect.Method.invoke(Method.java:567)
at org.openqa.selenium.support.events.EventFiringWebDriver$EventFiringWebElement.lambda$new$0(EventFiringWebDriver.java:404)
at jdk.proxy2/jdk.proxy2.$Proxy16.click(Unknown Source)
at org.openqa.selenium.support.events.EventFiringWebDriver$EventFiringWebElement.click(EventFiringWebDriver.java:417)
at java.base/jdk.internal.reflect.NativeMethodAccessorImpl.invoke0(Native Method)
at java.base/jdk.internal.reflect.NativeMethodAccessorImpl.invoke(NativeMethodAccessorImpl.java:78)
at java.base/jdk.internal.reflect.DelegatingMethodAccessorImpl.invoke(DelegatingMethodAccessorImpl.java:43)
at java.base/java.lang.reflect.Method.invoke(Method.java:567)
at org.openqa.selenium.support.pagefactory.internal.LocatingElementHandler.invoke(LocatingElementHandler.java:51)
at jdk.proxy2/jdk.proxy2.$Proxy15.click(Unknown Source)
at com.crm.qa.pages.LeavePage.dataInput(LeavePage.java:40)
at com.crm.qa.testcases.LeavePageTest.leaveDataInputTest(LeavePageTest.java:32)
at java.base/jdk.internal.reflect.NativeMethodAccessorImpl.invoke0(Native Method)
at java.base/jdk.internal.reflect.NativeMethodAccessorImpl.invoke(NativeMethodAccessorImpl.java:78)
at java.base/jdk.internal.reflect.DelegatingMethodAccessorImpl.invoke(DelegatingMethodAccessorImpl.java:43)
at java.base/java.lang.reflect.Method.invoke(Method.java:567)
at org.testng.internal.MethodInvocationHelper.invokeMethod(MethodInvocationHelper.java:133)
at org.testng.internal.TestInvoker.invokeMethod(TestInvoker.java:598)
at org.testng.internal.TestInvoker.invokeTestMethod(TestInvoker.java:173)
at org.testng.internal.MethodRunner.runInSequence(MethodRunner.java:46)
at org.testng.internal.TestInvoker$MethodInvocationAgent.invoke(TestInvoker.java:824)
at org.testng.internal.TestInvoker.invokeTestMethods(TestInvoker.java:146)
at org.testng.internal.TestMethodWorker.invokeTestMethods(TestMethodWorker.java:146)
at org.testng.internal.TestMethodWorker.run(TestMethodWorker.java:128)
at java.base/java.util.ArrayList.forEach(ArrayList.java:1511)
at org.testng.TestRunner.privateRun(TestRunner.java:794)
at org.testng.TestRunner.run(TestRunner.java:596)
at org.testng.SuiteRunner.runTest(SuiteRunner.java:377)
at org.testng.SuiteRunner.runSequentially(SuiteRunner.java:371)
at org.testng.SuiteRunner.privateRun(SuiteRunner.java:332)
at org.testng.SuiteRunner.run(SuiteRunner.java:276)
at org.testng.SuiteRunnerWorker.runSuite(SuiteRunnerWorker.java:53)
at org.testng.SuiteRunnerWorker.run(SuiteRunnerWorker.java:96)
at org.testng.TestNG.runSuitesSequentially(TestNG.java:1212)
at org.testng.TestNG.runSuitesLocally(TestNG.java:1134)
at org.testng.TestNG.runSuites(TestNG.java:1063)
at org.testng.TestNG.run(TestNG.java:1031)
at org.testng.remote.AbstractRemoteTestNG.run(AbstractRemoteTestNG.java:115)
at org.testng.remote.RemoteTestNG.initAndRun(RemoteTestNG.java:251)
at org.testng.remote.RemoteTestNG.main(RemoteTestNG.java:77)
]]>
            </full-stacktrace>
          </exception> <!-- org.openqa.selenium.ElementClickInterceptedException -->
          <reporter-output>
          </reporter-output>
        </test-method> <!-- leaveDataInputTest -->
        <test-method is-config="true" signature="tearDown()[pri:0, instance:com.crm.qa.testcases.LeavePageTest@4944252c]" started-at="2021-08-12T13:52:48 IST" name="tearDown" finished-at="2021-08-12T13:52:48 IST" duration-ms="361" status="PASS">
          <reporter-output>
          </reporter-output>
        </test-method> <!-- tearDown -->
      </class> <!-- com.crm.qa.testcases.LeavePageTest -->
      <class name="com.crm.qa.testcases.HomePageTest">
        <test-method is-config="true" signature="setUp()[pri:0, instance:com.crm.qa.testcases.HomePageTest@10feca44]" started-at="2021-08-12T13:53:12 IST" name="setUp" finished-at="2021-08-12T13:53:22 IST" duration-ms="9409" status="PASS">
          <reporter-output>
          </reporter-output>
        </test-method> <!-- setUp -->
        <test-method signature="verifyHomePageTitleTest()[pri:1, instance:com.crm.qa.testcases.HomePageTest@10feca44]" started-at="2021-08-12T13:53:22 IST" name="verifyHomePageTitleTest" finished-at="2021-08-12T13:53:22 IST" duration-ms="530" status="PASS">
          <reporter-output>
          </reporter-output>
        </test-method> <!-- verifyHomePageTitleTest -->
        <test-method is-config="true" signature="tearDown()[pri:0, instance:com.crm.qa.testcases.HomePageTest@10feca44]" started-at="2021-08-12T13:53:22 IST" name="tearDown" finished-at="2021-08-12T13:53:22 IST" duration-ms="320" status="PASS">
          <reporter-output>
          </reporter-output>
        </test-method> <!-- tearDown -->
        <test-method is-config="true" signature="setUp()[pri:0, instance:com.crm.qa.testcases.HomePageTest@10feca44]" started-at="2021-08-12T13:53:22 IST" name="setUp" finished-at="2021-08-12T13:53:36 IST" duration-ms="13617" status="PASS">
          <reporter-output>
          </reporter-output>
        </test-method> <!-- setUp -->
        <test-method signature="verifyUsernameTest()[pri:2, instance:com.crm.qa.testcases.HomePageTest@10feca44]" started-at="2021-08-12T13:53:36 IST" name="verifyUsernameTest" finished-at="2021-08-12T13:53:37 IST" duration-ms="562" status="PASS">
          <reporter-output>
          </reporter-output>
        </test-method> <!-- verifyUsernameTest -->
        <test-method is-config="true" signature="tearDown()[pri:0, instance:com.crm.qa.testcases.HomePageTest@10feca44]" started-at="2021-08-12T13:53:37 IST" name="tearDown" finished-at="2021-08-12T13:53:37 IST" duration-ms="292" status="PASS">
          <reporter-output>
          </reporter-output>
        </test-method> <!-- tearDown -->
        <test-method is-config="true" signature="setUp()[pri:0, instance:com.crm.qa.testcases.HomePageTest@10feca44]" started-at="2021-08-12T13:53:37 IST" name="setUp" finished-at="2021-08-12T13:53:49 IST" duration-ms="11620" status="PASS">
          <reporter-output>
          </reporter-output>
        </test-method> <!-- setUp -->
        <test-method signature="verifyAdminLinkTest()[pri:3, instance:com.crm.qa.testcases.HomePageTest@10feca44]" started-at="2021-08-12T13:53:49 IST" name="verifyAdminLinkTest" finished-at="2021-08-12T13:53:50 IST" duration-ms="1604" status="PASS">
          <reporter-output>
          </reporter-output>
        </test-method> <!-- verifyAdminLinkTest -->
        <test-method is-config="true" signature="tearDown()[pri:0, instance:com.crm.qa.testcases.HomePageTest@10feca44]" started-at="2021-08-12T13:53:50 IST" name="tearDown" finished-at="2021-08-12T13:53:51 IST" duration-ms="578" status="PASS">
          <reporter-output>
          </reporter-output>
        </test-method> <!-- tearDown -->
      </class> <!-- com.crm.qa.testcases.HomePageTest -->
      <class name="com.crm.qa.testcases.DashboardPageTest">
        <test-method is-config="true" signature="setup()[pri:0, instance:com.crm.qa.testcases.DashboardPageTest@24fcf36f]" started-at="2021-08-12T13:52:48 IST" name="setup" finished-at="2021-08-12T13:52:59 IST" duration-ms="10517" status="PASS">
          <reporter-output>
          </reporter-output>
        </test-method> <!-- setup -->
        <test-method signature="verifyMyTimesheetLebelTest()[pri:1, instance:com.crm.qa.testcases.DashboardPageTest@24fcf36f]" started-at="2021-08-12T13:52:59 IST" name="verifyMyTimesheetLebelTest" finished-at="2021-08-12T13:52:59 IST" duration-ms="497" status="PASS">
          <reporter-output>
          </reporter-output>
        </test-method> <!-- verifyMyTimesheetLebelTest -->
        <test-method is-config="true" signature="tearDown()[pri:0, instance:com.crm.qa.testcases.DashboardPageTest@24fcf36f]" started-at="2021-08-12T13:52:59 IST" name="tearDown" finished-at="2021-08-12T13:53:00 IST" duration-ms="293" status="PASS">
          <reporter-output>
          </reporter-output>
        </test-method> <!-- tearDown -->
        <test-method is-config="true" signature="setup()[pri:0, instance:com.crm.qa.testcases.DashboardPageTest@24fcf36f]" started-at="2021-08-12T13:53:00 IST" name="setup" finished-at="2021-08-12T13:53:11 IST" duration-ms="11598" status="PASS">
          <reporter-output>
          </reporter-output>
        </test-method> <!-- setup -->
        <test-method signature="validatePendingLeaveRequestsLebelTest()[pri:2, instance:com.crm.qa.testcases.DashboardPageTest@24fcf36f]" started-at="2021-08-12T13:53:11 IST" name="validatePendingLeaveRequestsLebelTest" finished-at="2021-08-12T13:53:12 IST" duration-ms="601" status="PASS">
          <reporter-output>
          </reporter-output>
        </test-method> <!-- validatePendingLeaveRequestsLebelTest -->
        <test-method is-config="true" signature="tearDown()[pri:0, instance:com.crm.qa.testcases.DashboardPageTest@24fcf36f]" started-at="2021-08-12T13:53:12 IST" name="tearDown" finished-at="2021-08-12T13:53:12 IST" duration-ms="286" status="PASS">
          <reporter-output>
          </reporter-output>
        </test-method> <!-- tearDown -->
      </class> <!-- com.crm.qa.testcases.DashboardPageTest -->
      <class name="com.crm.qa.testcases.LoginPageTest">
        <test-method is-config="true" signature="setUp()[pri:0, instance:com.crm.qa.testcases.LoginPageTest@4d02f94e]" started-at="2021-08-12T13:53:51 IST" name="setUp" finished-at="2021-08-12T13:53:57 IST" duration-ms="6552" status="PASS">
          <reporter-output>
          </reporter-output>
        </test-method> <!-- setUp -->
        <test-method signature="loginPageTitleTest()[pri:1, instance:com.crm.qa.testcases.LoginPageTest@4d02f94e]" started-at="2021-08-12T13:53:57 IST" name="loginPageTitleTest" finished-at="2021-08-12T13:53:58 IST" duration-ms="239" status="PASS">
          <reporter-output>
          </reporter-output>
        </test-method> <!-- loginPageTitleTest -->
        <test-method is-config="true" signature="tearDown()[pri:0, instance:com.crm.qa.testcases.LoginPageTest@4d02f94e]" started-at="2021-08-12T13:53:58 IST" name="tearDown" finished-at="2021-08-12T13:53:58 IST" duration-ms="295" status="PASS">
          <reporter-output>
          </reporter-output>
        </test-method> <!-- tearDown -->
        <test-method is-config="true" signature="setUp()[pri:0, instance:com.crm.qa.testcases.LoginPageTest@4d02f94e]" started-at="2021-08-12T13:53:58 IST" name="setUp" finished-at="2021-08-12T13:54:04 IST" duration-ms="6377" status="PASS">
          <reporter-output>
          </reporter-output>
        </test-method> <!-- setUp -->
        <test-method signature="loginTest()[pri:2, instance:com.crm.qa.testcases.LoginPageTest@4d02f94e]" started-at="2021-08-12T13:54:04 IST" name="loginTest" finished-at="2021-08-12T13:54:09 IST" duration-ms="4261" status="PASS">
          <reporter-output>
          </reporter-output>
        </test-method> <!-- loginTest -->
        <test-method is-config="true" signature="tearDown()[pri:0, instance:com.crm.qa.testcases.LoginPageTest@4d02f94e]" started-at="2021-08-12T13:54:09 IST" name="tearDown" finished-at="2021-08-12T13:54:09 IST" duration-ms="271" status="PASS">
          <reporter-output>
          </reporter-output>
        </test-method> <!-- tearDown -->
      </class> <!-- com.crm.qa.testcases.LoginPageTest -->
      <class name="com.crm.qa.testcases.AdminPageTest">
        <test-method is-config="true" signature="setUp()[pri:0, instance:com.crm.qa.testcases.AdminPageTest@2b48a640]" started-at="2021-08-12T13:54:09 IST" name="setUp" finished-at="2021-08-12T13:54:22 IST" duration-ms="12786" status="PASS">
          <reporter-output>
          </reporter-output>
        </test-method> <!-- setUp -->
        <test-method signature="verifyUserManagementLebelTest()[pri:1, instance:com.crm.qa.testcases.AdminPageTest@2b48a640]" started-at="2021-08-12T13:54:22 IST" name="verifyUserManagementLebelTest" finished-at="2021-08-12T13:54:22 IST" duration-ms="544" status="PASS">
          <reporter-output>
          </reporter-output>
        </test-method> <!-- verifyUserManagementLebelTest -->
        <test-method is-config="true" signature="tearDown()[pri:0, instance:com.crm.qa.testcases.AdminPageTest@2b48a640]" started-at="2021-08-12T13:54:22 IST" name="tearDown" finished-at="2021-08-12T13:54:22 IST" duration-ms="338" status="PASS">
          <reporter-output>
          </reporter-output>
        </test-method> <!-- tearDown -->
        <test-method is-config="true" signature="setUp()[pri:0, instance:com.crm.qa.testcases.AdminPageTest@2b48a640]" started-at="2021-08-12T13:54:22 IST" name="setUp" finished-at="2021-08-12T13:54:35 IST" duration-ms="12212" status="PASS">
          <reporter-output>
          </reporter-output>
        </test-method> <!-- setUp -->
        <test-method signature="validateUsernameAndUserRoleTest()[pri:2, instance:com.crm.qa.testcases.AdminPageTest@2b48a640]" started-at="2021-08-12T13:54:35 IST" name="validateUsernameAndUserRoleTest" finished-at="2021-08-12T13:54:39 IST" duration-ms="4011" status="PASS">
          <reporter-output>
          </reporter-output>
        </test-method> <!-- validateUsernameAndUserRoleTest -->
        <test-method is-config="true" signature="tearDown()[pri:0, instance:com.crm.qa.testcases.AdminPageTest@2b48a640]" started-at="2021-08-12T13:54:39 IST" name="tearDown" finished-at="2021-08-12T13:54:39 IST" duration-ms="438" status="PASS">
          <reporter-output>
          </reporter-output>
        </test-method> <!-- tearDown -->
        <test-method is-config="true" signature="setUp()[pri:0, instance:com.crm.qa.testcases.AdminPageTest@2b48a640]" started-at="2021-08-12T13:54:42 IST" name="setUp" finished-at="2021-08-12T13:54:56 IST" duration-ms="13678" status="PASS">
          <reporter-output>
          </reporter-output>
        </test-method> <!-- setUp -->
        <test-method signature="validateLocationSearchTest(java.lang.String,java.lang.String,java.lang.String)[pri:3, instance:com.crm.qa.testcases.AdminPageTest@2b48a640]" started-at="2021-08-12T13:54:56 IST" name="validateLocationSearchTest" data-provider="getdata" finished-at="2021-08-12T13:55:04 IST" duration-ms="8406" status="PASS">
          <params>
            <param index="0">
              <value>
                <![CDATA[Maharashtra]]>
              </value>
            </param>
            <param index="1">
              <value>
                <![CDATA[Pune]]>
              </value>
            </param>
            <param index="2">
              <value>
                <![CDATA[India]]>
              </value>
            </param>
          </params>
          <reporter-output>
          </reporter-output>
        </test-method> <!-- validateLocationSearchTest -->
        <test-method is-config="true" signature="tearDown()[pri:0, instance:com.crm.qa.testcases.AdminPageTest@2b48a640]" started-at="2021-08-12T13:55:04 IST" name="tearDown" finished-at="2021-08-12T13:55:05 IST" duration-ms="321" status="PASS">
          <reporter-output>
          </reporter-output>
        </test-method> <!-- tearDown -->
        <test-method is-config="true" signature="setUp()[pri:0, instance:com.crm.qa.testcases.AdminPageTest@2b48a640]" started-at="2021-08-12T13:55:05 IST" name="setUp" finished-at="2021-08-12T13:55:18 IST" duration-ms="12889" status="PASS">
          <reporter-output>
          </reporter-output>
        </test-method> <!-- setUp -->
        <test-method signature="validateLocationSearchTest(java.lang.String,java.lang.String,java.lang.String)[pri:3, instance:com.crm.qa.testcases.AdminPageTest@2b48a640]" started-at="2021-08-12T13:55:18 IST" name="validateLocationSearchTest" data-provider="getdata" finished-at="2021-08-12T13:55:26 IST" duration-ms="7987" status="PASS">
          <params>
            <param index="0">
              <value>
                <![CDATA[Karnataka]]>
              </value>
            </param>
            <param index="1">
              <value>
                <![CDATA[Bangalore]]>
              </value>
            </param>
            <param index="2">
              <value>
                <![CDATA[India]]>
              </value>
            </param>
          </params>
          <reporter-output>
          </reporter-output>
        </test-method> <!-- validateLocationSearchTest -->
        <test-method is-config="true" signature="tearDown()[pri:0, instance:com.crm.qa.testcases.AdminPageTest@2b48a640]" started-at="2021-08-12T13:55:26 IST" name="tearDown" finished-at="2021-08-12T13:55:26 IST" duration-ms="315" status="PASS">
          <reporter-output>
          </reporter-output>
        </test-method> <!-- tearDown -->
        <test-method is-config="true" signature="setUp()[pri:0, instance:com.crm.qa.testcases.AdminPageTest@2b48a640]" started-at="2021-08-12T13:55:26 IST" name="setUp" finished-at="2021-08-12T13:55:38 IST" duration-ms="11726" status="PASS">
          <reporter-output>
          </reporter-output>
        </test-method> <!-- setUp -->
        <test-method signature="validateLocationSearchTest(java.lang.String,java.lang.String,java.lang.String)[pri:3, instance:com.crm.qa.testcases.AdminPageTest@2b48a640]" started-at="2021-08-12T13:55:38 IST" name="validateLocationSearchTest" data-provider="getdata" finished-at="2021-08-12T13:55:45 IST" duration-ms="7701" status="PASS">
          <params>
            <param index="0">
              <value>
                <![CDATA[Gujrat]]>
              </value>
            </param>
            <param index="1">
              <value>
                <![CDATA[Ahmadabad]]>
              </value>
            </param>
            <param index="2">
              <value>
                <![CDATA[India]]>
              </value>
            </param>
          </params>
          <reporter-output>
          </reporter-output>
        </test-method> <!-- validateLocationSearchTest -->
        <test-method is-config="true" signature="tearDown()[pri:0, instance:com.crm.qa.testcases.AdminPageTest@2b48a640]" started-at="2021-08-12T13:55:45 IST" name="tearDown" finished-at="2021-08-12T13:55:46 IST" duration-ms="347" status="PASS">
          <reporter-output>
          </reporter-output>
        </test-method> <!-- tearDown -->
        <test-method is-config="true" signature="setUp()[pri:0, instance:com.crm.qa.testcases.AdminPageTest@2b48a640]" started-at="2021-08-12T13:55:46 IST" name="setUp" finished-at="2021-08-12T13:56:00 IST" duration-ms="14696" status="PASS">
          <reporter-output>
          </reporter-output>
        </test-method> <!-- setUp -->
        <test-method signature="validateLocationSearchTest(java.lang.String,java.lang.String,java.lang.String)[pri:3, instance:com.crm.qa.testcases.AdminPageTest@2b48a640]" started-at="2021-08-12T13:56:00 IST" name="validateLocationSearchTest" data-provider="getdata" finished-at="2021-08-12T13:56:09 IST" duration-ms="8454" status="PASS">
          <params>
            <param index="0">
              <value>
                <![CDATA[Kashmir]]>
              </value>
            </param>
            <param index="1">
              <value>
                <![CDATA[Jammu]]>
              </value>
            </param>
            <param index="2">
              <value>
                <![CDATA[India]]>
              </value>
            </param>
          </params>
          <reporter-output>
          </reporter-output>
        </test-method> <!-- validateLocationSearchTest -->
        <test-method is-config="true" signature="tearDown()[pri:0, instance:com.crm.qa.testcases.AdminPageTest@2b48a640]" started-at="2021-08-12T13:56:09 IST" name="tearDown" finished-at="2021-08-12T13:56:09 IST" duration-ms="300" status="PASS">
          <reporter-output>
          </reporter-output>
        </test-method> <!-- tearDown -->
        <test-method is-config="true" signature="setUp()[pri:0, instance:com.crm.qa.testcases.AdminPageTest@2b48a640]" started-at="2021-08-12T13:56:09 IST" name="setUp" finished-at="2021-08-12T13:56:23 IST" duration-ms="13325" status="PASS">
          <reporter-output>
          </reporter-output>
        </test-method> <!-- setUp -->
        <test-method signature="validateLocationSearchTest(java.lang.String,java.lang.String,java.lang.String)[pri:3, instance:com.crm.qa.testcases.AdminPageTest@2b48a640]" started-at="2021-08-12T13:56:23 IST" name="validateLocationSearchTest" data-provider="getdata" finished-at="2021-08-12T13:56:30 IST" duration-ms="7803" status="PASS">
          <params>
            <param index="0">
              <value>
                <![CDATA[Telangana]]>
              </value>
            </param>
            <param index="1">
              <value>
                <![CDATA[Hydrabad]]>
              </value>
            </param>
            <param index="2">
              <value>
                <![CDATA[India]]>
              </value>
            </param>
          </params>
          <reporter-output>
          </reporter-output>
        </test-method> <!-- validateLocationSearchTest -->
        <test-method is-config="true" signature="tearDown()[pri:0, instance:com.crm.qa.testcases.AdminPageTest@2b48a640]" started-at="2021-08-12T13:56:30 IST" name="tearDown" finished-at="2021-08-12T13:56:31 IST" duration-ms="284" status="PASS">
          <reporter-output>
          </reporter-output>
        </test-method> <!-- tearDown -->
      </class> <!-- com.crm.qa.testcases.AdminPageTest -->
    </test> <!-- Page_tests -->
  </suite> <!-- OrangeHRM_Test -->
</testng-results>
