<?xml version="1.0" encoding="UTF-8"?>
<testng-results ignored="0" total="15" passed="15" failed="0" skipped="0">
  <reporter-output>
  </reporter-output>
  <suite started-at="2021-08-10T15:30:54 IST" name="OrangeHRM_Test" finished-at="2021-08-10T15:38:47 IST" duration-ms="473103">
    <groups>
    </groups>
    <test started-at="2021-08-10T15:30:54 IST" name="Page_tests" finished-at="2021-08-10T15:38:47 IST" duration-ms="473103">
      <class name="com.crm.qa.testcases.LeavePageTest">
        <test-method is-config="true" signature="setUp()[pri:0, instance:com.crm.qa.testcases.LeavePageTest@41e1e210]" started-at="2021-08-10T15:30:54 IST" name="setUp" finished-at="2021-08-10T15:31:23 IST" duration-ms="29169" status="PASS">
          <reporter-output>
          </reporter-output>
        </test-method> <!-- setUp -->
        <test-method signature="leaveDataInputTest()[pri:0, instance:com.crm.qa.testcases.LeavePageTest@41e1e210]" started-at="2021-08-10T15:31:23 IST" name="leaveDataInputTest" finished-at="2021-08-10T15:31:25 IST" duration-ms="2490" status="PASS">
          <reporter-output>
          </reporter-output>
        </test-method> <!-- leaveDataInputTest -->
        <test-method is-config="true" signature="tearDown()[pri:0, instance:com.crm.qa.testcases.LeavePageTest@41e1e210]" started-at="2021-08-10T15:31:25 IST" name="tearDown" finished-at="2021-08-10T15:31:26 IST" duration-ms="734" status="PASS">
          <reporter-output>
          </reporter-output>
        </test-method> <!-- tearDown -->
      </class> <!-- com.crm.qa.testcases.LeavePageTest -->
      <class name="com.crm.qa.testcases.HomePageTest">
        <test-method is-config="true" signature="setUp()[pri:0, instance:com.crm.qa.testcases.HomePageTest@7ea9e1e2]" started-at="2021-08-10T15:32:16 IST" name="setUp" finished-at="2021-08-10T15:32:46 IST" duration-ms="29444" status="PASS">
          <reporter-output>
          </reporter-output>
        </test-method> <!-- setUp -->
        <test-method signature="verifyHomePageTitleTest()[pri:1, instance:com.crm.qa.testcases.HomePageTest@7ea9e1e2]" started-at="2021-08-10T15:32:46 IST" name="verifyHomePageTitleTest" finished-at="2021-08-10T15:32:46 IST" duration-ms="9" status="PASS">
          <reporter-output>
          </reporter-output>
        </test-method> <!-- verifyHomePageTitleTest -->
        <test-method is-config="true" signature="tearDown()[pri:0, instance:com.crm.qa.testcases.HomePageTest@7ea9e1e2]" started-at="2021-08-10T15:32:46 IST" name="tearDown" finished-at="2021-08-10T15:32:46 IST" duration-ms="472" status="PASS">
          <reporter-output>
          </reporter-output>
        </test-method> <!-- tearDown -->
        <test-method is-config="true" signature="setUp()[pri:0, instance:com.crm.qa.testcases.HomePageTest@7ea9e1e2]" started-at="2021-08-10T15:32:46 IST" name="setUp" finished-at="2021-08-10T15:33:14 IST" duration-ms="27396" status="PASS">
          <reporter-output>
          </reporter-output>
        </test-method> <!-- setUp -->
        <test-method signature="verifyUsernameTest()[pri:2, instance:com.crm.qa.testcases.HomePageTest@7ea9e1e2]" started-at="2021-08-10T15:33:14 IST" name="verifyUsernameTest" finished-at="2021-08-10T15:33:14 IST" duration-ms="91" status="PASS">
          <reporter-output>
          </reporter-output>
        </test-method> <!-- verifyUsernameTest -->
        <test-method is-config="true" signature="tearDown()[pri:0, instance:com.crm.qa.testcases.HomePageTest@7ea9e1e2]" started-at="2021-08-10T15:33:14 IST" name="tearDown" finished-at="2021-08-10T15:33:14 IST" duration-ms="521" status="PASS">
          <reporter-output>
          </reporter-output>
        </test-method> <!-- tearDown -->
        <test-method is-config="true" signature="setUp()[pri:0, instance:com.crm.qa.testcases.HomePageTest@7ea9e1e2]" started-at="2021-08-10T15:33:14 IST" name="setUp" finished-at="2021-08-10T15:33:34 IST" duration-ms="20175" status="PASS">
          <reporter-output>
          </reporter-output>
        </test-method> <!-- setUp -->
        <test-method signature="verifyAdminLinkTest()[pri:3, instance:com.crm.qa.testcases.HomePageTest@7ea9e1e2]" started-at="2021-08-10T15:33:34 IST" name="verifyAdminLinkTest" finished-at="2021-08-10T15:33:38 IST" duration-ms="3914" status="PASS">
          <reporter-output>
          </reporter-output>
        </test-method> <!-- verifyAdminLinkTest -->
        <test-method is-config="true" signature="tearDown()[pri:0, instance:com.crm.qa.testcases.HomePageTest@7ea9e1e2]" started-at="2021-08-10T15:33:38 IST" name="tearDown" finished-at="2021-08-10T15:33:39 IST" duration-ms="453" status="PASS">
          <reporter-output>
          </reporter-output>
        </test-method> <!-- tearDown -->
      </class> <!-- com.crm.qa.testcases.HomePageTest -->
      <class name="com.crm.qa.testcases.DashboardPageTest">
        <test-method is-config="true" signature="setup()[pri:0, instance:com.crm.qa.testcases.DashboardPageTest@3059cbc]" started-at="2021-08-10T15:31:26 IST" name="setup" finished-at="2021-08-10T15:31:49 IST" duration-ms="23288" status="PASS">
          <reporter-output>
          </reporter-output>
        </test-method> <!-- setup -->
        <test-method signature="verifyMyTimesheetLebelTest()[pri:1, instance:com.crm.qa.testcases.DashboardPageTest@3059cbc]" started-at="2021-08-10T15:31:49 IST" name="verifyMyTimesheetLebelTest" finished-at="2021-08-10T15:31:50 IST" duration-ms="262" status="PASS">
          <reporter-output>
          </reporter-output>
        </test-method> <!-- verifyMyTimesheetLebelTest -->
        <test-method is-config="true" signature="tearDown()[pri:0, instance:com.crm.qa.testcases.DashboardPageTest@3059cbc]" started-at="2021-08-10T15:31:50 IST" name="tearDown" finished-at="2021-08-10T15:31:50 IST" duration-ms="629" status="PASS">
          <reporter-output>
          </reporter-output>
        </test-method> <!-- tearDown -->
        <test-method is-config="true" signature="setup()[pri:0, instance:com.crm.qa.testcases.DashboardPageTest@3059cbc]" started-at="2021-08-10T15:31:50 IST" name="setup" finished-at="2021-08-10T15:32:16 IST" duration-ms="25322" status="PASS">
          <reporter-output>
          </reporter-output>
        </test-method> <!-- setup -->
        <test-method signature="validatePendingLeaveRequestsLebelTest()[pri:2, instance:com.crm.qa.testcases.DashboardPageTest@3059cbc]" started-at="2021-08-10T15:32:16 IST" name="validatePendingLeaveRequestsLebelTest" finished-at="2021-08-10T15:32:16 IST" duration-ms="96" status="PASS">
          <reporter-output>
          </reporter-output>
        </test-method> <!-- validatePendingLeaveRequestsLebelTest -->
        <test-method is-config="true" signature="tearDown()[pri:0, instance:com.crm.qa.testcases.DashboardPageTest@3059cbc]" started-at="2021-08-10T15:32:16 IST" name="tearDown" finished-at="2021-08-10T15:32:16 IST" duration-ms="621" status="PASS">
          <reporter-output>
          </reporter-output>
        </test-method> <!-- tearDown -->
      </class> <!-- com.crm.qa.testcases.DashboardPageTest -->
      <class name="com.crm.qa.testcases.LoginPageTest">
        <test-method is-config="true" signature="setUp()[pri:0, instance:com.crm.qa.testcases.LoginPageTest@3fb1549b]" started-at="2021-08-10T15:33:39 IST" name="setUp" finished-at="2021-08-10T15:33:52 IST" duration-ms="13562" status="PASS">
          <reporter-output>
          </reporter-output>
        </test-method> <!-- setUp -->
        <test-method signature="loginPageTitleTest()[pri:1, instance:com.crm.qa.testcases.LoginPageTest@3fb1549b]" started-at="2021-08-10T15:33:52 IST" name="loginPageTitleTest" finished-at="2021-08-10T15:33:52 IST" duration-ms="25" status="PASS">
          <reporter-output>
          </reporter-output>
        </test-method> <!-- loginPageTitleTest -->
        <test-method is-config="true" signature="tearDown()[pri:0, instance:com.crm.qa.testcases.LoginPageTest@3fb1549b]" started-at="2021-08-10T15:33:52 IST" name="tearDown" finished-at="2021-08-10T15:33:53 IST" duration-ms="456" status="PASS">
          <reporter-output>
          </reporter-output>
        </test-method> <!-- tearDown -->
        <test-method is-config="true" signature="setUp()[pri:0, instance:com.crm.qa.testcases.LoginPageTest@3fb1549b]" started-at="2021-08-10T15:33:53 IST" name="setUp" finished-at="2021-08-10T15:34:08 IST" duration-ms="14744" status="PASS">
          <reporter-output>
          </reporter-output>
        </test-method> <!-- setUp -->
        <test-method signature="loginTest()[pri:2, instance:com.crm.qa.testcases.LoginPageTest@3fb1549b]" started-at="2021-08-10T15:34:08 IST" name="loginTest" finished-at="2021-08-10T15:34:16 IST" duration-ms="7964" status="PASS">
          <reporter-output>
          </reporter-output>
        </test-method> <!-- loginTest -->
        <test-method is-config="true" signature="tearDown()[pri:0, instance:com.crm.qa.testcases.LoginPageTest@3fb1549b]" started-at="2021-08-10T15:34:16 IST" name="tearDown" finished-at="2021-08-10T15:34:16 IST" duration-ms="522" status="PASS">
          <reporter-output>
          </reporter-output>
        </test-method> <!-- tearDown -->
      </class> <!-- com.crm.qa.testcases.LoginPageTest -->
      <class name="com.crm.qa.testcases.AdminPageTest">
        <test-method is-config="true" signature="setUp()[pri:0, instance:com.crm.qa.testcases.AdminPageTest@ea6147e]" started-at="2021-08-10T15:34:16 IST" name="setUp" finished-at="2021-08-10T15:34:44 IST" duration-ms="27549" status="PASS">
          <reporter-output>
          </reporter-output>
        </test-method> <!-- setUp -->
        <test-method signature="verifyUserManagementLebelTest()[pri:1, instance:com.crm.qa.testcases.AdminPageTest@ea6147e]" started-at="2021-08-10T15:34:44 IST" name="verifyUserManagementLebelTest" finished-at="2021-08-10T15:34:44 IST" duration-ms="65" status="PASS">
          <reporter-output>
          </reporter-output>
        </test-method> <!-- verifyUserManagementLebelTest -->
        <test-method is-config="true" signature="tearDown()[pri:0, instance:com.crm.qa.testcases.AdminPageTest@ea6147e]" started-at="2021-08-10T15:34:44 IST" name="tearDown" finished-at="2021-08-10T15:34:44 IST" duration-ms="359" status="PASS">
          <reporter-output>
          </reporter-output>
        </test-method> <!-- tearDown -->
        <test-method is-config="true" signature="setUp()[pri:0, instance:com.crm.qa.testcases.AdminPageTest@ea6147e]" started-at="2021-08-10T15:34:44 IST" name="setUp" finished-at="2021-08-10T15:35:17 IST" duration-ms="32847" status="PASS">
          <reporter-output>
          </reporter-output>
        </test-method> <!-- setUp -->
        <test-method signature="validateUsernameAndUserRoleTest()[pri:2, instance:com.crm.qa.testcases.AdminPageTest@ea6147e]" started-at="2021-08-10T15:35:17 IST" name="validateUsernameAndUserRoleTest" finished-at="2021-08-10T15:35:17 IST" duration-ms="298" status="PASS">
          <reporter-output>
          </reporter-output>
        </test-method> <!-- validateUsernameAndUserRoleTest -->
        <test-method is-config="true" signature="tearDown()[pri:0, instance:com.crm.qa.testcases.AdminPageTest@ea6147e]" started-at="2021-08-10T15:35:17 IST" name="tearDown" finished-at="2021-08-10T15:35:18 IST" duration-ms="535" status="PASS">
          <reporter-output>
          </reporter-output>
        </test-method> <!-- tearDown -->
        <test-method is-config="true" signature="setUp()[pri:0, instance:com.crm.qa.testcases.AdminPageTest@ea6147e]" started-at="2021-08-10T15:35:19 IST" name="setUp" finished-at="2021-08-10T15:35:40 IST" duration-ms="21034" status="PASS">
          <reporter-output>
          </reporter-output>
        </test-method> <!-- setUp -->
        <test-method signature="validateLocationSearchTest(java.lang.String,java.lang.String,java.lang.String)[pri:3, instance:com.crm.qa.testcases.AdminPageTest@ea6147e]" started-at="2021-08-10T15:35:40 IST" name="validateLocationSearchTest" data-provider="getdata" finished-at="2021-08-10T15:35:44 IST" duration-ms="3730" status="PASS">
          <params>
            <param index="0">
              <value>
                <![CDATA[Maharashtra]]>
              </value>
            </param>
            <param index="1">
              <value>
                <![CDATA[Pune]]>
              </value>
            </param>
            <param index="2">
              <value>
                <![CDATA[India]]>
              </value>
            </param>
          </params>
          <reporter-output>
          </reporter-output>
        </test-method> <!-- validateLocationSearchTest -->
        <test-method is-config="true" signature="tearDown()[pri:0, instance:com.crm.qa.testcases.AdminPageTest@ea6147e]" started-at="2021-08-10T15:35:44 IST" name="tearDown" finished-at="2021-08-10T15:35:44 IST" duration-ms="442" status="PASS">
          <reporter-output>
          </reporter-output>
        </test-method> <!-- tearDown -->
        <test-method is-config="true" signature="setUp()[pri:0, instance:com.crm.qa.testcases.AdminPageTest@ea6147e]" started-at="2021-08-10T15:35:44 IST" name="setUp" finished-at="2021-08-10T15:36:10 IST" duration-ms="26207" status="PASS">
          <reporter-output>
          </reporter-output>
        </test-method> <!-- setUp -->
        <test-method signature="validateLocationSearchTest(java.lang.String,java.lang.String,java.lang.String)[pri:3, instance:com.crm.qa.testcases.AdminPageTest@ea6147e]" started-at="2021-08-10T15:36:10 IST" name="validateLocationSearchTest" data-provider="getdata" finished-at="2021-08-10T15:36:13 IST" duration-ms="3043" status="PASS">
          <params>
            <param index="0">
              <value>
                <![CDATA[Karnataka]]>
              </value>
            </param>
            <param index="1">
              <value>
                <![CDATA[Bangalore]]>
              </value>
            </param>
            <param index="2">
              <value>
                <![CDATA[India]]>
              </value>
            </param>
          </params>
          <reporter-output>
          </reporter-output>
        </test-method> <!-- validateLocationSearchTest -->
        <test-method is-config="true" signature="tearDown()[pri:0, instance:com.crm.qa.testcases.AdminPageTest@ea6147e]" started-at="2021-08-10T15:36:13 IST" name="tearDown" finished-at="2021-08-10T15:36:14 IST" duration-ms="564" status="PASS">
          <reporter-output>
          </reporter-output>
        </test-method> <!-- tearDown -->
        <test-method is-config="true" signature="setUp()[pri:0, instance:com.crm.qa.testcases.AdminPageTest@ea6147e]" started-at="2021-08-10T15:36:14 IST" name="setUp" finished-at="2021-08-10T15:37:40 IST" duration-ms="86461" status="PASS">
          <reporter-output>
          </reporter-output>
        </test-method> <!-- setUp -->
        <test-method signature="validateLocationSearchTest(java.lang.String,java.lang.String,java.lang.String)[pri:3, instance:com.crm.qa.testcases.AdminPageTest@ea6147e]" started-at="2021-08-10T15:37:40 IST" name="validateLocationSearchTest" data-provider="getdata" finished-at="2021-08-10T15:37:43 IST" duration-ms="3229" status="PASS">
          <params>
            <param index="0">
              <value>
                <![CDATA[Gujrat]]>
              </value>
            </param>
            <param index="1">
              <value>
                <![CDATA[Ahmadabad]]>
              </value>
            </param>
            <param index="2">
              <value>
                <![CDATA[India]]>
              </value>
            </param>
          </params>
          <reporter-output>
          </reporter-output>
        </test-method> <!-- validateLocationSearchTest -->
        <test-method is-config="true" signature="tearDown()[pri:0, instance:com.crm.qa.testcases.AdminPageTest@ea6147e]" started-at="2021-08-10T15:37:44 IST" name="tearDown" finished-at="2021-08-10T15:37:44 IST" duration-ms="543" status="PASS">
          <reporter-output>
          </reporter-output>
        </test-method> <!-- tearDown -->
        <test-method is-config="true" signature="setUp()[pri:0, instance:com.crm.qa.testcases.AdminPageTest@ea6147e]" started-at="2021-08-10T15:37:44 IST" name="setUp" finished-at="2021-08-10T15:38:10 IST" duration-ms="26304" status="PASS">
          <reporter-output>
          </reporter-output>
        </test-method> <!-- setUp -->
        <test-method signature="validateLocationSearchTest(java.lang.String,java.lang.String,java.lang.String)[pri:3, instance:com.crm.qa.testcases.AdminPageTest@ea6147e]" started-at="2021-08-10T15:38:10 IST" name="validateLocationSearchTest" data-provider="getdata" finished-at="2021-08-10T15:38:19 IST" duration-ms="8522" status="PASS">
          <params>
            <param index="0">
              <value>
                <![CDATA[Kashmir]]>
              </value>
            </param>
            <param index="1">
              <value>
                <![CDATA[Jammu]]>
              </value>
            </param>
            <param index="2">
              <value>
                <![CDATA[India]]>
              </value>
            </param>
          </params>
          <reporter-output>
          </reporter-output>
        </test-method> <!-- validateLocationSearchTest -->
        <test-method is-config="true" signature="tearDown()[pri:0, instance:com.crm.qa.testcases.AdminPageTest@ea6147e]" started-at="2021-08-10T15:38:19 IST" name="tearDown" finished-at="2021-08-10T15:38:19 IST" duration-ms="380" status="PASS">
          <reporter-output>
          </reporter-output>
        </test-method> <!-- tearDown -->
        <test-method is-config="true" signature="setUp()[pri:0, instance:com.crm.qa.testcases.AdminPageTest@ea6147e]" started-at="2021-08-10T15:38:19 IST" name="setUp" finished-at="2021-08-10T15:38:43 IST" duration-ms="23858" status="PASS">
          <reporter-output>
          </reporter-output>
        </test-method> <!-- setUp -->
        <test-method signature="validateLocationSearchTest(java.lang.String,java.lang.String,java.lang.String)[pri:3, instance:com.crm.qa.testcases.AdminPageTest@ea6147e]" started-at="2021-08-10T15:38:43 IST" name="validateLocationSearchTest" data-provider="getdata" finished-at="2021-08-10T15:38:46 IST" duration-ms="3118" status="PASS">
          <params>
            <param index="0">
              <value>
                <![CDATA[Telangana]]>
              </value>
            </param>
            <param index="1">
              <value>
                <![CDATA[Hydrabad]]>
              </value>
            </param>
            <param index="2">
              <value>
                <![CDATA[India]]>
              </value>
            </param>
          </params>
          <reporter-output>
          </reporter-output>
        </test-method> <!-- validateLocationSearchTest -->
        <test-method is-config="true" signature="tearDown()[pri:0, instance:com.crm.qa.testcases.AdminPageTest@ea6147e]" started-at="2021-08-10T15:38:46 IST" name="tearDown" finished-at="2021-08-10T15:38:47 IST" duration-ms="388" status="PASS">
          <reporter-output>
          </reporter-output>
        </test-method> <!-- tearDown -->
      </class> <!-- com.crm.qa.testcases.AdminPageTest -->
    </test> <!-- Page_tests -->
  </suite> <!-- OrangeHRM_Test -->
</testng-results>
